2019-Mar-12 15:41:19 Image Loaded
2019-Mar-14 09:37:47 Image Loaded
2019-Mar-14 10:39:41 Image Loaded
2019-Mar-14 10:57:08 Histogram loaded
2019-Mar-14 12:14:59 Image Loaded
2019-Mar-18 10:35:12 Image Loaded
2019-Mar-19 09:10:38 Image Loaded
2019-Mar-20 09:55:08 Image Loaded
2019-Mar-20 14:12:14 Image Loaded
2019-Mar-20 14:23:10 Image Loaded
2019-Mar-20 14:27:57 Image Loaded
2019-Mar-20 14:32:18 Image Loaded
2019-Mar-20 14:33:06 Image Loaded
2019-Mar-20 14:54:14 Image Loaded
2019-Mar-26 11:23:51 Image Loaded
2019-Mar-27 10:31:01 Image Loaded
2019-Mar-28 08:46:03 Image Loaded
2019-Apr-01 12:52:00 Image Loaded
2019-Apr-01 15:06:31 Image Loaded
2019-Apr-03 10:05:34 Image Loaded
2019-Apr-03 10:05:36 Image Loaded
2019-Apr-03 15:14:24 Image Loaded
2019-Apr-03 17:02:46 Image Loaded
2019-Apr-03 17:05:40 Image Loaded
2019-Apr-03 17:08:28 Image Loaded
2019-Apr-03 17:10:59 Image Loaded
2019-Apr-03 17:12:03 Image Loaded
2019-Apr-03 17:13:34 Image Loaded
2019-Apr-03 17:17:46 Image Loaded
2019-Apr-03 17:25:32 Image Loaded
2019-Apr-03 17:56:18 Image Loaded
2019-Apr-03 17:57:07 Image Loaded
2019-Apr-04 09:44:32 Image Loaded
2019-Apr-04 10:45:34 Image Loaded
2019-Apr-04 10:49:55 Image Loaded
2019-Apr-04 10:53:16 Image Loaded
2019-Apr-04 10:54:57 Image Loaded
2019-Apr-04 11:09:11 Image Loaded
2019-Apr-04 11:10:24 Image Loaded
2019-Apr-04 11:30:53 Image Loaded
2019-Apr-04 11:32:50 Image Loaded
2019-Apr-04 11:53:37 Image Loaded
2020-Jan-17 11:29:42 Image Loaded
2020-Jan-17 11:33:00 Histogram loaded
2020-Jan-17 11:34:21 Image Loaded
